Resource Usage Report for mss_based_isp 

Mapping to part: m2s025vf400std
Cell usage:
CLKINT          2 uses
MSS_025         1 use
TAMPER          1 use
CFG2           10 uses
CFG3           16 uses
CFG4           23 uses

Carry cells:
ARI1            35 uses - used for arithmetic functions


Sequential Cells: 
SLE            64 uses

DSP Blocks:    0 of 34 (0%)

I/O ports: 3
I/O primitives: 3
INBUF          2 uses
TRIBUFF        1 use


Global Clock Buffers: 2

Total LUTs:    84

Extra resources required for RAM and MACC interface logic during P&R:

RAM64x18 Interface Logic : SLEs = 0; LUTs = 0;
RAM1K18  Interface Logic : SLEs = 36; LUTs = 36;
MACC     Interface Logic : SLEs = 0; LUTs = 0;

Total number of SLEs after P&R:  64 + 0 + 36 + 0 = 100;
Total number of LUTs after P&R:  84 + 0 + 36 + 0 = 120;

