Resource Usage Report for exemploISP 

Mapping to part: m2s025vf400std
Cell usage:
CLKINT          2 uses
RCOSC_1MHZ      1 use
RCOSC_1MHZ_FAB  1 use
CFG1           3 uses

Carry cells:
ARI1            40 uses - used for arithmetic functions


Sequential Cells: 
SLE            23 uses

DSP Blocks:    0 of 34 (0%)

I/O ports: 2
I/O primitives: 2
OUTBUF         2 uses


Global Clock Buffers: 2

Total LUTs:    43

Extra resources required for RAM and MACC interface logic during P&R:

RAM64x18 Interface Logic : SLEs = 0; LUTs = 0;
RAM1K18  Interface Logic : SLEs = 0; LUTs = 0;
MACC     Interface Logic : SLEs = 0; LUTs = 0;

Total number of SLEs after P&R:  23 + 0 + 0 + 0 = 23;
Total number of LUTs after P&R:  43 + 0 + 0 + 0 = 43;

