
Copyright (C) 1994-2023 Synopsys, Inc.
This Synopsys software and all associated documentation are proprietary to Synopsys, Inc.
and may only be used pursuant to the terms and conditions of a written license agreement
with Synopsys, Inc. All other use, reproduction, modification, or distribution of the
Synopsys software or the associated documentation is strictly prohibited.
Tool: Synplify Pro (R)
Build: V-2023.09M
Install: C:\Microchip\Libero_SoC_v2024.1\SynplifyPro
OS: Windows 10 or later
Hostname: DESKTOP-V6FS948

Implementation : synthesis

# Written on Mon Mar 31 15:26:20 2025

##### DESIGN INFO #######################################################

Top View:                "exemploISP"
Constraint File(s):      "C:\Users\Lucas\OneDrive\Documentos\nascerr_bootloader\Github\In_System_Programming_FPGA\exemploISP\designer\exemploISP\synthesis.fdc"




##### SUMMARY ############################################################

Found 0 issues in 0 out of 0 constraints


##### DETAILS ############################################################



Clock Relationships
*******************

Starting                                                   Ending                                                     |     rise to rise     |     fall to fall     |     rise to fall     |     fall to rise                     
---------------------------------------------------------------------------------------------------------------------------------------------------------------------------------------------------------------------------------
OSC_C1_OSC_C1_0_OSC|N_RCOSC_1MHZ_CLKOUT_inferred_clock     OSC_C1_OSC_C1_0_OSC|N_RCOSC_1MHZ_CLKOUT_inferred_clock     |     10.000           |     No paths         |     No paths         |     No paths                         
led_blink|reg_counter_inferred_clock[20]                   led_blink|reg_counter_inferred_clock[20]                   |     10.000           |     No paths         |     No paths         |     No paths                         
=================================================================================================================================================================================================================================
 Note: 'No paths' indicates there are no paths in the design for that pair of clock edges.
       'Diff grp' indicates that paths exist but the starting clock and ending clock are in different clock groups.


Unconstrained Start/End Points
******************************

p:o_LED[0]
p:o_LED[1]


Inapplicable constraints
************************

(none)


Applicable constraints with issues
**********************************

(none)


Constraints with matching wildcard expressions
**********************************************

(none)


Library Report
**************


# End of Constraint Checker Report
