Software Version: 2024.1.0.3
Programmer 'S2011JOGRF' : JTAG TCK / SPI SCK frequency = 1 MHz
programmer 'S2011JOGRF' : FlashPro5
Opened 'C:\Users\Lucas\Documents\Nascerr\mss_based_isp\designer\mss_based_isp\mss_based_isp_fp\mss_based_isp.pro'
The 'open_project' command succeeded.
Info: Programming is already enabled for device 'M2S025'.
The 'enable_device' command succeeded.
PPD file 'C:/Users/Lucas/Documents/Nascerr/mss_based_isp/designer/mss_based_isp/mss_based_isp.ppd' has been loaded successfully.
DESIGN : mss_based_isp;  CHECKSUM : 3F2D;  PDB_VERSION : 1.0
The 'set_programming_file' command succeeded.
The 'set_programming_action' command succeeded.
programmer 'S2011JOGRF' : Scan Chain...
Programmer 'S2011JOGRF' : JTAG TCK / SPI SCK frequency = 1 MHz
programmer 'S2011JOGRF' : Check Chain...
programmer 'S2011JOGRF' : Scan and Check Chain PASSED.
programmer 'S2011JOGRF' : device 'M2S025' : Executing action PROGRAM
Programmer 'S2011JOGRF' : JTAG TCK / SPI SCK frequency = 4 MHz
programmer 'S2011JOGRF' : device 'M2S025' : Family: SmartFusion2
programmer 'S2011JOGRF' : device 'M2S025' : Product:      M2S025
programmer 'S2011JOGRF' : device 'M2S025' : Cortex-M3 Enabled (M3_ALLOWED = 1)
programmer 'S2011JOGRF' : device 'M2S025' : Programming Interface Protocol: JTAG
programmer 'S2011JOGRF' : device 'M2S025' : EXPORT ISC_ENABLE_RESULT[32] = 005f6b24
programmer 'S2011JOGRF' : device 'M2S025' : EXPORT CRCERR[1] = 0
programmer 'S2011JOGRF' : device 'M2S025' : EXPORT EDCERR[1] = 0
programmer 'S2011JOGRF' : device 'M2S025' : Programming FPGA Array...
programmer 'S2011JOGRF' : device 'M2S025' : EXPORT Fabric component digest[256] = 7fcbcbac1aa39a9348e9c1e817754f7ec184c10b969407a537904892336c7510
programmer 'S2011JOGRF' : device 'M2S025' : ===================================================================================
programmer 'S2011JOGRF' : device 'M2S025' : EXPORT DSN[128] = 47bcd928b70c3869bb734a2b5be12109
programmer 'S2011JOGRF' : device 'M2S025' : ===================================================================================
programmer 'S2011JOGRF' : device 'M2S025' : Finished: Thu Apr 10 10:12:30 2025 (Elapsed time 00:00:31)
programmer 'S2011JOGRF' : device 'M2S025' : Executing action PROGRAM PASSED.
programmer 'S2011JOGRF' : Chain programming PASSED.
Chain Programming Finished: Thu Apr 10 10:12:30 2025 (Elapsed time 00:00:31)

                        o - o - o - o - o - o

The 'run_selected_actions' command succeeded.
Project saved.
The 'save_project' command succeeded.
Project closed.
The 'close_project' command succeeded.
The Execute Script command succeeded.
