Software Version: 2024.1.0.3
Opened 'C:\Users\Lucas\OneDrive\Documentos\nascerrBootloader\Github\In_System_Programming_FPGA\exemploISP\designer\exemploISP\exemploISP_fp\exemploISP.pro'
PDB file 'C:\Users\Lucas\OneDrive\Documentos\nascerrBootloader\Github\In_System_Programming_FPGA\exemploISP\designer\exemploISP\exemploISP.pdb' has been loaded successfully.
DESIGN : exemploISP;  CHECKSUM : 208B;  PDB_VERSION : 1.9
Info: Programming Interface selected is JTAG.
File/Folder 'C:\Users\Lucas\OneDrive\Documentos\exemploISP.ppd' will be overwritten.
Successfully exported PPD file for currently secured device: 'C:\Users\Lucas\OneDrive\Documentos\exemploISP.ppd'; file programs Fabric.
Fabric component bitstream digest: 6246a93d8acc202dceb5306782aad969e75edad4a7c49851ed8deaab9f3fb10f
Entire bitstream digest: 47be2c8f332edf9e916423da9e759145d4452fd7064d0ff7c4fdbed7b93a01cd
Finished: Mon Mar 31 15:44:29 2025 (Elapsed time 00:00:09)

Info: Programming Interface selected is JTAG.
File/Folder 'C:\Users\Lucas\OneDrive\Documentos\exemploISP.dat' will be overwritten.
Successfully exported DirectC file: 'C:\Users\Lucas\OneDrive\Documentos\exemploISP.dat'; file programs Fabric.
Fabric component bitstream digest: 6246a93d8acc202dceb5306782aad969e75edad4a7c49851ed8deaab9f3fb10f
Entire bitstream digest: 47be2c8f332edf9e916423da9e759145d4452fd7064d0ff7c4fdbed7b93a01cd
Finished: Mon Mar 31 15:44:37 2025 (Elapsed time 00:00:08)

Info: Programming Interface selected is JTAG.
File/Folder 'C:\Users\Lucas\OneDrive\Documentos\exemploISP.spi' will be overwritten.
Successfully exported SPI master file: 'C:\Users\Lucas\OneDrive\Documentos\exemploISP.spi'; file programs Fabric.
Fabric component bitstream digest: 6246a93d8acc202dceb5306782aad969e75edad4a7c49851ed8deaab9f3fb10f
Entire bitstream digest: 47be2c8f332edf9e916423da9e759145d4452fd7064d0ff7c4fdbed7b93a01cd
Finished: Mon Mar 31 15:44:45 2025 (Elapsed time 00:00:08)

Project saved.
Project closed.
